[debug] [2021-02-20T22:48:02.230Z] ----------------------------------------------------------------------
[debug] [2021-02-20T22:48:02.247Z] Command:       /usr/bin/node /usr/local/bin/firebase init
[debug] [2021-02-20T22:48:02.249Z] CLI Version:   9.4.0
[debug] [2021-02-20T22:48:02.249Z] Platform:      linux
[debug] [2021-02-20T22:48:02.249Z] Node Version:  v10.19.0
[debug] [2021-02-20T22:48:02.585Z] Time:          Sun Feb 21 2021 01:48:02 GMT+0300 (East Africa Time)
[debug] [2021-02-20T22:48:02.586Z] ----------------------------------------------------------------------
[debug] [2021-02-20T22:48:02.586Z] 
[debug] [2021-02-20T22:48:02.673Z] > command requires scopes: ["email","openid","https://www.googleapis.com/auth/cloudplatformprojects.readonly","https://www.googleapis.com/auth/firebase","https://www.googleapis.com/auth/cloud-platform"]
[debug] [2021-02-20T22:48:02.674Z] > authorizing via signed-in user
[info] 
     ######## #### ########  ######## ########     ###     ######  ########
     ##        ##  ##     ## ##       ##     ##  ##   ##  ##       ##
     ######    ##  ########  ######   ########  #########  ######  ######
     ##        ##  ##    ##  ##       ##     ## ##     ##       ## ##
     ##       #### ##     ## ######## ########  ##     ##  ######  ########

You're about to initialize a Firebase project in this directory:

  /home/arrotech/Projects/portal-ui/ui

[info] 
=== Project Setup
[info] 
[info] First, let's associate this project directory with a Firebase project.
[info] You can create multiple project aliases by running firebase use --add, 
[info] but for now we'll just set up a default project.
[info] 
[debug] [2021-02-20T22:48:19.802Z] >>> [apiv2][query] GET https://firebase.googleapis.com/v1beta1/projects pageSize=100
[debug] [2021-02-20T22:48:21.122Z] <<< [apiv2][status] GET https://firebase.googleapis.com/v1beta1/projects 200
[debug] [2021-02-20T22:48:21.122Z] <<< [apiv2][body] GET https://firebase.googleapis.com/v1beta1/projects [omitted]
[info] i  Using project njc-school-portal (njc-school-portal) 
[info] 
=== Hosting Setup
[info] 
[info] Your public directory is the folder (relative to your project directory) that
[info] will contain Hosting assets to be uploaded with firebase deploy. If you
[info] have a build process for your assets, use your build's output directory.
[info] 
[info] ✔  Wrote build/404.html 
[debug] [2021-02-20T22:49:43.868Z] >>> [apiv2][query] GET https://www.gstatic.com/firebasejs/releases.json [none]
[debug] [2021-02-20T22:49:45.696Z] <<< [apiv2][status] GET https://www.gstatic.com/firebasejs/releases.json 200
[debug] [2021-02-20T22:49:45.697Z] <<< [apiv2][body] GET https://www.gstatic.com/firebasejs/releases.json {"current":{"version":"8.2.9","browserURL":"https://www.gstatic.com/firebasejs/8.2.9/firebase.js","packageURL":"https://www.gstatic.com/firebasejs/8.2.9/firebase.tgz"},"live":{"version":"8.2","browserURL":"https://www.gstatic.com/firebasejs/live/8.2/firebase.js","packageURL":"https://www.gstatic.com/firebasejs/live/8.2/firebase.tgz"},"components":{"analytics":"https://www.gstatic.com/firebasejs/8.2.9/firebase-analytics.js","app":"https://www.gstatic.com/firebasejs/8.2.9/firebase-app.js","auth":"https://www.gstatic.com/firebasejs/8.2.9/firebase-auth.js","database":"https://www.gstatic.com/firebasejs/8.2.9/firebase-database.js","firestore":"https://www.gstatic.com/firebasejs/8.2.9/firebase-firestore.js","functions":"https://www.gstatic.com/firebasejs/8.2.9/firebase-functions.js","installations":"https://www.gstatic.com/firebasejs/8.2.9/firebase-installations.js","messaging":"https://www.gstatic.com/firebasejs/8.2.9/firebase-messaging.js","storage":"https://www.gstatic.com/firebasejs/8.2.9/firebase-storage.js","performance":"https://www.gstatic.com/firebasejs/8.2.9/firebase-performance.js","remote-config":"https://www.gstatic.com/firebasejs/8.2.9/firebase-remote-config.js","firestore.memory":"https://www.gstatic.com/firebasejs/8.2.9/firebase-firestore.memory.js"}}
[info] i  Skipping write of build/index.html 
[info] 
[info] i  Detected a .git folder at /home/arrotech/Projects/portal-ui/ui 
[info] i  Authorizing with GitHub to upload your service account to a GitHub repository's secrets store. 
[info] 
[info] Visit this URL on this device to log in:
[info] https://github.com/login/oauth/authorize?client_id=89cf50f02ac6aaed3484&state=977303852&redirect_uri=http%3A%2F%2Flocalhost%3A9005&scope=read%3Auser%20repo%20public_repo
[info] 
[info] Waiting for authentication...
[debug] [2021-02-20T22:50:33.418Z] >>> HTTP REQUEST POST https://github.com/login/oauth/access_token  
 {"client_id":"89cf50f02ac6aaed3484","client_secret":"3330d14abc895d9a74d5f17cd7a00711fa2c5bf0","code":"641ed2d216f25142a19a","redirect_uri":"http://localhost:9005","state":"977303852"}
[debug] [2021-02-20T22:50:35.571Z] <<< HTTP RESPONSE 200 {"server":"GitHub.com","date":"Sat, 20 Feb 2021 22:50:35 GMT","content-type":"application/json; charset=utf-8","vary":"X-PJAX, Accept-Encoding, Accept, X-Requested-With","etag":"W/\"ae83c8a2ead7c31075608d0397a9b8cb\"","cache-control":"max-age=0, private, must-revalidate","strict-transport-security":"max-age=31536000; includeSubdomains; preload","x-frame-options":"deny","x-content-type-options":"nosniff","x-xss-protection":"1; mode=block","referrer-policy":"origin-when-cross-origin, strict-origin-when-cross-origin","expect-ct":"max-age=2592000, report-uri=\"https://api.github.com/_private/browser/errors\"","content-security-policy":"default-src 'none'; base-uri 'self'; block-all-mixed-content; connect-src 'self' uploads.github.com www.githubstatus.com collector.githubapp.com api.github.com github-cloud.s3.amazonaws.com github-production-repository-file-5c1aeb.s3.amazonaws.com github-production-upload-manifest-file-7fdce7.s3.amazonaws.com github-production-user-asset-6210df.s3.amazonaws.com cdn.optimizely.com logx.optimizely.com/v1/events wss://alive.github.com; font-src github.githubassets.com; form-action 'self' github.com gist.github.com; frame-ancestors 'none'; frame-src render.githubusercontent.com; img-src 'self' data: github.githubassets.com identicons.github.com collector.githubapp.com github-cloud.s3.amazonaws.com user-images.githubusercontent.com/ *.githubusercontent.com; manifest-src 'self'; media-src 'none'; script-src github.githubassets.com; style-src 'unsafe-inline' github.githubassets.com; worker-src github.com/socket-worker-5029ae85.js gist.github.com/socket-worker-5029ae85.js","x-github-request-id":"D7EE:13152:174CBEF:1AD52BA:6031923A","transfer-encoding":"chunked"}
[debug] [2021-02-20T22:50:36.232Z] >>> [apiv2][query] GET https://api.github.com/user [none]
[debug] [2021-02-20T22:50:37.280Z] <<< [apiv2][status] GET https://api.github.com/user 200
[debug] [2021-02-20T22:50:37.280Z] <<< [apiv2][body] GET https://api.github.com/user {"login":"Arrotech","id":42092300,"node_id":"MDQ6VXNlcjQyMDkyMzAw","avatar_url":"https://avatars.githubusercontent.com/u/42092300?v=4","gravatar_id":"","url":"https://api.github.com/users/Arrotech","html_url":"https://github.com/Arrotech","followers_url":"https://api.github.com/users/Arrotech/followers","following_url":"https://api.github.com/users/Arrotech/following{/other_user}","gists_url":"https://api.github.com/users/Arrotech/gists{/gist_id}","starred_url":"https://api.github.com/users/Arrotech/starred{/owner}{/repo}","subscriptions_url":"https://api.github.com/users/Arrotech/subscriptions","organizations_url":"https://api.github.com/users/Arrotech/orgs","repos_url":"https://api.github.com/users/Arrotech/repos","events_url":"https://api.github.com/users/Arrotech/events{/privacy}","received_events_url":"https://api.github.com/users/Arrotech/received_events","type":"User","site_admin":false,"name":"Harun Gachanja Gitundu","company":"Freelancer","blog":"https://arrotech-portfolio.web.app/","location":"+254711371265","email":"arrotechdesign@gmail.com","hireable":true,"bio":"\r\n    Am a software engineer with a minimum experience of 5+ years.\r\n\r\n","twitter_username":"ArrotechDesign","public_repos":85,"public_gists":2,"followers":10,"following":4,"created_at":"2018-08-04T13:02:08Z","updated_at":"2021-02-20T20:46:23Z","private_gists":0,"total_private_repos":7,"owned_private_repos":6,"disk_usage":428185,"collaborators":0,"two_factor_authentication":false,"plan":{"name":"free","space":976562499,"collaborators":0,"private_repos":10000}}
[info] 
[info] ✔  Success! Logged into GitHub as Arrotech 
[info] 
